<?xml version="1.0" encoding="UTF-8"?>
<testng-results ignored="0" total="1" passed="1" failed="0" skipped="0">
  <reporter-output>
    <line>
      <![CDATA[Open Browser  "OrangeHRM" web page]]>
    </line>
    <line>
      <![CDATA[Enter Usernam, Password and click Login]]>
    </line>
    <line>
      <![CDATA[Enter Username, Password and click Login]]>
    </line>
    <line>
      <![CDATA[Validate that you have logged in successfully]]>
    </line>
    <line>
      <![CDATA[Click Admin - Go to the admin page]]>
    </line>
    <line>
      <![CDATA[Search username in field "Username"]]>
    </line>
    <line>
      <![CDATA[Click Search]]>
    </line>
    <line>
      <![CDATA[Verify username exist in table]]>
    </line>
    <line>
      <![CDATA[Log out]]>
    </line>
    <line>
      <![CDATA[Close Browser]]>
    </line>
  </reporter-output>
  <suite started-at="2022-02-26T10:15:10 CST" name="Default suite" finished-at="2022-02-26T10:15:26 CST" duration-ms="15799">
    <groups>
    </groups>
    <test started-at="2022-02-26T10:15:10 CST" name="Default test" finished-at="2022-02-26T10:15:26 CST" duration-ms="15799">
      <class name="com.opensource.qa.Admin">
        <test-method is-config="true" signature="beforeTest()[pri:0, instance:com.opensource.qa.Admin@57d7f8ca]" started-at="2022-02-26T10:15:10 CST" name="beforeTest" finished-at="2022-02-26T10:15:10 CST" duration-ms="10" status="PASS">
          <reporter-output>
          </reporter-output>
        </test-method> <!-- beforeTest -->
        <test-method signature="tc001AdminSearchEmployee()[pri:0, instance:com.opensource.qa.Admin@57d7f8ca]" started-at="2022-02-26T10:15:10 CST" name="tc001AdminSearchEmployee" finished-at="2022-02-26T10:15:26 CST" duration-ms="15751" status="PASS">
          <reporter-output>
            <line>
              <![CDATA[Open Browser  "OrangeHRM" web page]]>
            </line>
            <line>
              <![CDATA[Enter Usernam, Password and click Login]]>
            </line>
            <line>
              <![CDATA[Enter Username, Password and click Login]]>
            </line>
            <line>
              <![CDATA[Validate that you have logged in successfully]]>
            </line>
            <line>
              <![CDATA[Click Admin - Go to the admin page]]>
            </line>
            <line>
              <![CDATA[Search username in field "Username"]]>
            </line>
            <line>
              <![CDATA[Click Search]]>
            </line>
            <line>
              <![CDATA[Verify username exist in table]]>
            </line>
            <line>
              <![CDATA[Log out]]>
            </line>
            <line>
              <![CDATA[Close Browser]]>
            </line>
          </reporter-output>
        </test-method> <!-- tc001AdminSearchEmployee -->
        <test-method is-config="true" signature="afterTest()[pri:0, instance:com.opensource.qa.Admin@57d7f8ca]" started-at="2022-02-26T10:15:26 CST" name="afterTest" finished-at="2022-02-26T10:15:26 CST" duration-ms="0" status="PASS">
          <reporter-output>
          </reporter-output>
        </test-method> <!-- afterTest -->
      </class> <!-- com.opensource.qa.Admin -->
    </test> <!-- Default test -->
  </suite> <!-- Default suite -->
</testng-results>
